<?xml version="1.0" encoding="UTF-8"?>
<!-- Generated by org.testng.reporters.JUnitXMLReporter -->
<testsuite hostname="DESKTOP-LHLA0PA" ignored="0" name="Default test" tests="8" failures="0" timestamp="2019-12-18T04:33:08 IST" time="13.936" errors="0">
  <testcase name="loginUSER" time="1.362" classname="Test.SwagLabs"/>
  <testcase name="SwagLabsLogin" time="6.326" classname="Test.SwagLabs"/>
  <testcase name="priceOrder" time="0.119" classname="Test.SwagLabs"/>
  <testcase name="addToCart" time="0.331" classname="Test.SwagLabs"/>
  <testcase name="checkoutOrder" time="0.579" classname="Test.SwagLabs"/>
  <testcase name="checkoutInformation" time="0.471" classname="Test.SwagLabs"/>
  <testcase name="orderConfermation" time="0.42" classname="Test.SwagLabs"/>
  <testcase name="placedOrderVerification" time="0.078" classname="Test.SwagLabs"/>
</testsuite> <!-- Default test -->
