<?xml version="1.0" encoding="UTF-8"?>
<testng-results skipped="0" failed="0" ignored="0" total="1" passed="1">
  <reporter-output>
  </reporter-output>
  <suite name="Default suite" duration-ms="14119" started-at="2019-12-18T00:31:29 IST" finished-at="2019-12-18T00:31:43 IST">
    <groups>
    </groups>
    <test name="Default test" duration-ms="14119" started-at="2019-12-18T00:31:29 IST" finished-at="2019-12-18T00:31:43 IST">
      <class name="Test.FacebookLogin">
        <test-method status="PASS" signature="initializeDriver()[pri:0, instance:Test.FacebookLogin@5abca1e0]" name="initializeDriver" is-config="true" duration-ms="3609" started-at="2019-12-18T00:31:29 IST" finished-at="2019-12-18T00:31:32 IST">
          <reporter-output>
          </reporter-output>
        </test-method> <!-- initializeDriver -->
        <test-method status="PASS" signature="LoginValidation()[pri:0, instance:Test.FacebookLogin@5abca1e0]" name="LoginValidation" duration-ms="9841" started-at="2019-12-18T00:31:32 IST" finished-at="2019-12-18T00:31:42 IST">
          <reporter-output>
          </reporter-output>
        </test-method> <!-- LoginValidation -->
        <test-method status="PASS" signature="Closethedriver()[pri:0, instance:Test.FacebookLogin@5abca1e0]" name="Closethedriver" is-config="true" duration-ms="648" started-at="2019-12-18T00:31:42 IST" finished-at="2019-12-18T00:31:43 IST">
          <reporter-output>
          </reporter-output>
        </test-method> <!-- Closethedriver -->
      </class> <!-- Test.FacebookLogin -->
    </test> <!-- Default test -->
  </suite> <!-- Default suite -->
</testng-results>
